#
# A fatal error has been detected by the Java Runtime Environment:
#
#  EXCEPTION_ACCESS_VIOLATION (0xc0000005) at pc=0x00007ff88ebff46d, pid=4628, tid=2560
#
# JRE version: Java(TM) SE Runtime Environment (12.0.2+10) (build 12.0.2+10)
# Java VM: Java HotSpot(TM) 64-Bit Server VM (12.0.2+10, mixed mode, sharing, tiered, compressed oops, g1 gc, windows-amd64)
# Problematic frame:
# C  [lwjgl_opengl.dll+0xf46d]
#
# No core dump will be written. Minidumps are not enabled by default on client versions of Windows
#
# If you would like to submit a bug report, please visit:
#   http://bugreport.java.com/bugreport/crash.jsp
# The crash happened outside the Java Virtual Machine in native code.
# See problematic frame for where to report the bug.
#

---------------  S U M M A R Y ------------

Command Line: -javaagent:C:\Program Files\JetBrains\IntelliJ IDEA Community Edition 2020.3\lib\idea_rt.jar=57574:C:\Program Files\JetBrains\IntelliJ IDEA Community Edition 2020.3\bin -Dfile.encoding=UTF-8 ru.phoenix.game.Game

Host: AMD FX(tm)-8320 Eight-Core Processor           , 8 cores, 15G,  Windows 10 , 64 bit Build 19041 (10.0.19041.1151)
Time: Tue Aug 17 20:40:16 2021 RTZ 2 (зима) elapsed time: 0 seconds (0d 0h 0m 0s)

---------------  T H R E A D  ---------------

Current thread (0x000001abd125d800):  JavaThread "main" [_thread_in_native, id=2560, stack(0x0000009653f00000,0x0000009654000000)]

Stack: [0x0000009653f00000,0x0000009654000000],  sp=0x0000009653fff3a8,  free space=1020k
Native frames: (J=compiled Java code, j=interpreted, Vv=VM code, C=native code)
C  [lwjgl_opengl.dll+0xf46d]

Java frames: (J=compiled Java code, j=interpreted, Vv=VM code)
j  org.lwjgl.opengl.GL11.nglGenTextures(IJ)V+0
j  org.lwjgl.opengl.GL11.glGenTextures()I+20
j  ru.phoenix.engine.core.loader.texture.Texture2D.<init>()V+5
j  ru.phoenix.engine.core.loader.text.Alphabet.<init>()V+45
j  ru.phoenix.engine.core.loader.text.Alphabet.getInstance()Lru/phoenix/engine/core/loader/text/Alphabet;+10
j  ru.phoenix.engine.core.configuration.WindowConfig.setLanguage(I)V+5
j  ru.phoenix.engine.core.configuration.WindowConfig.readExternal(Ljava/io/ObjectInput;)V+141
j  ru.phoenix.engine.core.configuration.WindowConfig.<init>()V+65
j  ru.phoenix.engine.core.configuration.WindowConfig.getInstance()Lru/phoenix/engine/core/configuration/WindowConfig;+10
j  ru.phoenix.game.Game.main([Ljava/lang/String;)V+17
v  ~StubRoutines::call_stub

siginfo: EXCEPTION_ACCESS_VIOLATION (0xc0000005), reading address 0x0000000000000f58


Register to memory mapping:

RIP=0x00007ff88ebff46d lwjgl_opengl.dll
RAX=0x00007ff831894df0 jvm.dll
RBX={method} {0x000001abf50b9b68} 'nglGenTextures' '(IJ)V' in 'org/lwjgl/opengl/GL11'
RCX=0x0000000000000001 is an unknown value
RDX=0x000001abf6069cfc points into unknown readable memory: 00 00 00 00
RSP=0x0000009653fff3a8 is pointing into the stack for thread: 0x000001abd125d800
RBP=0x0000009653fff430 is pointing into the stack for thread: 0x000001abd125d800
RSI=0x0000000000000ca0 is an unknown value
RDI=0x000001abd9669e73 is at code_begin+2355 in an Interpreter codelet
invoke return entry points  [0x000001abd9669540, 0x000001abd9669f60]  2592 bytes
R8 =0x0000000000000001 is an unknown value
R9 =0x000001abf6069cfc points into unknown readable memory: 00 00 00 00
R10=0x0 is NULL
R11=0x0000000710ed77f0 points into unknown readable memory: 01 9c 69 39 5a 00 00 00
R12=0x0 is NULL
R13={method} {0x000001abf50b9b68} 'nglGenTextures' '(IJ)V' in 'org/lwjgl/opengl/GL11'
R14=0x0000009653fff460 is pointing into the stack for thread: 0x000001abd125d800
R15=0x000001abd125d800 is a thread


Registers:
RAX=0x00007ff831894df0, RBX=0x000001abf50b9b60, RCX=0x0000000000000001, RDX=0x000001abf6069cfc
RSP=0x0000009653fff3a8, RBP=0x0000009653fff430, RSI=0x0000000000000ca0, RDI=0x000001abd9669e73
R8 =0x0000000000000001, R9 =0x000001abf6069cfc, R10=0x0000000000000000, R11=0x0000000710ed77f0
R12=0x0000000000000000, R13=0x000001abf50b9b60, R14=0x0000009653fff460, R15=0x000001abd125d800
RIP=0x00007ff88ebff46d, EFLAGS=0x0000000000010206

Top of Stack: (sp=0x0000009653fff3a8)
0x0000009653fff3a8:   000001abd966f0f7 000001abd9669e73
0x0000009653fff3b8:   000001abd966edf2 000001abd125d800
0x0000009653fff3c8:   000001abf50b9b60 0000000000000ca0
0x0000009653fff3d8:   0000009653fff3f0 000001abd966ed96
0x0000009653fff3e8:   0000009653fff3e8 000001abf50b9b60
0x0000009653fff3f8:   0000009653fff460 000001abf50e5168
0x0000009653fff408:   0000000000000000 0000000710ed77f0
0x0000009653fff418:   000001abf50b9b60 0000000000000000
0x0000009653fff428:   0000009653fff450 0000009653fff4b0
0x0000009653fff438:   000001abd9669e73 0000000710ed77f0
0x0000009653fff448:   000001abd966c018 000001abf6069cfc
0x0000009653fff458:   0000000000000000 0000000000000001
0x0000009653fff468:   0000009653fff468 000001abf50b9ce4
0x0000009653fff478:   0000009653fff4e0 000001abf50e5168
0x0000009653fff488:   0000000000000000 0000000710ed77f0
0x0000009653fff498:   000001abf50b9d50 0000009653fff450 

Instructions: (pc=0x00007ff88ebff46d)
0x00007ff88ebff36d:   d1 41 8b cb 4c 8b 50 18 49 ff a2 48 0d 00 00 cc
0x00007ff88ebff37d:   cc cc cc 48 8b 01 48 8b 48 18 48 ff a1 58 0d 00
0x00007ff88ebff38d:   00 cc cc 48 8b 01 48 8b 48 18 48 ff a1 68 0d 00
0x00007ff88ebff39d:   00 cc cc 48 8b 01 41 8b d1 41 8b c8 4c 8b 50 18
0x00007ff88ebff3ad:   49 ff a2 e8 0d 00 00 cc cc cc cc cc cc cc cc cc
0x00007ff88ebff3bd:   cc cc cc 48 8b 01 49 8b d1 41 8b c8 4c 8b 50 18
0x00007ff88ebff3cd:   49 ff a2 f0 0d 00 00 cc cc cc cc cc cc cc cc cc
0x00007ff88ebff3dd:   cc cc cc 48 8b 01 0f 28 cb 41 8b c8 48 8b 50 18
0x00007ff88ebff3ed:   48 ff a2 d8 0d 00 00 cc cc cc cc cc cc cc cc cc
0x00007ff88ebff3fd:   cc cc cc 48 8b 01 49 8b d1 41 8b c8 4c 8b 50 18
0x00007ff88ebff40d:   49 ff a2 e0 0d 00 00 cc cc cc cc cc cc cc cc cc
0x00007ff88ebff41d:   cc cc cc 48 8b 01 41 8b c8 48 8b 50 18 48 ff a2
0x00007ff88ebff42d:   c0 0e 00 00 cc cc cc cc cc cc cc cc cc cc cc cc
0x00007ff88ebff43d:   cc cc cc 48 8b 01 48 8b 48 18 48 8b 81 f8 0e 00
0x00007ff88ebff44d:   00 41 8b c8 48 ff e0 cc cc cc cc cc cc cc cc cc
0x00007ff88ebff45d:   cc cc cc 48 8b 01 49 8b d1 41 8b c8 4c 8b 50 18
0x00007ff88ebff46d:   49 ff a2 58 0f 00 00 cc cc cc cc cc cc cc cc cc
0x00007ff88ebff47d:   cc cc cc 48 8b 01 49 8b d1 41 8b c8 4c 8b 50 18
0x00007ff88ebff48d:   49 ff a2 18 0a 00 00 cc cc cc cc cc cc cc cc cc
0x00007ff88ebff49d:   cc cc cc 48 8b 01 49 8b d1 41 8b c8 4c 8b 50 18
0x00007ff88ebff4ad:   49 ff a2 80 10 00 00 cc cc cc cc cc cc cc cc cc
0x00007ff88ebff4bd:   cc cc cc 48 8b 01 49 8b d1 41 8b c8 4c 8b 50 18
0x00007ff88ebff4cd:   49 ff a2 38 10 00 00 cc cc cc cc cc cc cc cc cc
0x00007ff88ebff4dd:   cc cc cc 48 8b 01 49 8b d1 41 8b c8 4c 8b 50 18
0x00007ff88ebff4ed:   49 ff a2 60 11 00 00 cc cc cc cc cc cc cc cc cc
0x00007ff88ebff4fd:   cc cc cc 48 8b 01 49 8b d1 41 8b c8 4c 8b 50 18
0x00007ff88ebff50d:   49 ff a2 18 12 00 00 cc cc cc cc cc cc cc cc cc
0x00007ff88ebff51d:   cc cc cc 48 8b 01 49 8b d1 41 8b c8 4c 8b 50 18
0x00007ff88ebff52d:   49 ff a2 28 11 00 00 cc cc cc cc cc cc cc cc cc
0x00007ff88ebff53d:   cc cc cc 48 8b 01 48 8b 48 18 48 8b 81 30 11 00
0x00007ff88ebff54d:   00 48 ff e0 cc cc cc cc cc cc cc cc cc cc cc cc
0x00007ff88ebff55d:   cc cc cc 48 8b 01 45 8b d8 4c 8b 44 24 28 41 8b 


Stack slot to memory mapping:
stack at sp + 0 slots: 0x000001abd966f0f7 is at code_begin+1047 in an Interpreter codelet
method entry point (kind = native)  [0x000001abd966ece0, 0x000001abd966f840]  2912 bytes
stack at sp + 1 slots: 0x000001abd9669e73 is at code_begin+2355 in an Interpreter codelet
invoke return entry points  [0x000001abd9669540, 0x000001abd9669f60]  2592 bytes
stack at sp + 2 slots: 0x000001abd966edf2 is at code_begin+274 in an Interpreter codelet
method entry point (kind = native)  [0x000001abd966ece0, 0x000001abd966f840]  2912 bytes
stack at sp + 3 slots: 0x000001abd125d800 is a thread
stack at sp + 4 slots: {method} {0x000001abf50b9b68} 'nglGenTextures' '(IJ)V' in 'org/lwjgl/opengl/GL11'
stack at sp + 5 slots: 0x0000000000000ca0 is an unknown value
stack at sp + 6 slots: 0x0000009653fff3f0 is pointing into the stack for thread: 0x000001abd125d800
stack at sp + 7 slots: 0x000001abd966ed96 is at code_begin+182 in an Interpreter codelet
method entry point (kind = native)  [0x000001abd966ece0, 0x000001abd966f840]  2912 bytes


---------------  P R O C E S S  ---------------

Threads class SMR info:
_java_thread_list=0x000001abf57bc5b0, length=12, elements={
0x000001abd125d800, 0x000001abf4c5b800, 0x000001abf4c5f000, 0x000001abf4c7d800,
0x000001abf5503000, 0x000001abf5504800, 0x000001abf5507800, 0x000001abf5508800,
0x000001abf57aa800, 0x000001abf57b3000, 0x000001abf59c3800, 0x000001abf5b7f000
}

Java Threads: ( => current thread )
=>0x000001abd125d800 JavaThread "main" [_thread_in_native, id=2560, stack(0x0000009653f00000,0x0000009654000000)]
  0x000001abf4c5b800 JavaThread "Reference Handler" daemon [_thread_blocked, id=8488, stack(0x0000009654600000,0x0000009654700000)]
  0x000001abf4c5f000 JavaThread "Finalizer" daemon [_thread_blocked, id=18448, stack(0x0000009654700000,0x0000009654800000)]
  0x000001abf4c7d800 JavaThread "Signal Dispatcher" daemon [_thread_blocked, id=19168, stack(0x0000009654800000,0x0000009654900000)]
  0x000001abf5503000 JavaThread "Attach Listener" daemon [_thread_blocked, id=8484, stack(0x0000009654900000,0x0000009654a00000)]
  0x000001abf5504800 JavaThread "C2 CompilerThread0" daemon [_thread_blocked, id=1284, stack(0x0000009654a00000,0x0000009654b00000)]
  0x000001abf5507800 JavaThread "C1 CompilerThread0" daemon [_thread_blocked, id=8816, stack(0x0000009654b00000,0x0000009654c00000)]
  0x000001abf5508800 JavaThread "Sweeper thread" daemon [_thread_blocked, id=7964, stack(0x0000009654c00000,0x0000009654d00000)]
  0x000001abf57aa800 JavaThread "Common-Cleaner" daemon [_thread_blocked, id=5488, stack(0x0000009654d00000,0x0000009654e00000)]
  0x000001abf57b3000 JavaThread "C2 CompilerThread1" daemon [_thread_blocked, id=8016, stack(0x0000009654e00000,0x0000009654f00000)]
  0x000001abf59c3800 JavaThread "Monitor Ctrl-Break" daemon [_thread_in_native, id=12228, stack(0x0000009654f00000,0x0000009655000000)]
  0x000001abf5b7f000 JavaThread "Service Thread" daemon [_thread_blocked, id=6068, stack(0x0000009655000000,0x0000009655100000)]

Other Threads:
  0x000001abf4c5a000 VMThread "VM Thread" [stack: 0x0000009654500000,0x0000009654600000] [id=17528]
  0x000001abf5b81800 WatcherThread [stack: 0x0000009655100000,0x0000009655200000] [id=14176]
  0x000001abd12c5000 GCTaskThread "GC Thread#0" [stack: 0x0000009654000000,0x0000009654100000] [id=6156]
  0x000001abd12e0000 ConcurrentGCThread "G1 Main Marker" [stack: 0x0000009654100000,0x0000009654200000] [id=19260]
  0x000001abd12e3000 ConcurrentGCThread "G1 Conc#0" [stack: 0x0000009654200000,0x0000009654300000] [id=904]
  0x000001abf4b57000 ConcurrentGCThread "G1 Refine#0" [stack: 0x0000009654300000,0x0000009654400000] [id=9592]
  0x000001abf4b58000 ConcurrentGCThread "G1 Young RemSet Sampling" [stack: 0x0000009654400000,0x0000009654500000] [id=20448]

Threads with active compile tasks:

VM state:not at safepoint (normal execution)

VM Mutex/Monitor currently owned by a thread: None

Heap address: 0x0000000701800000, size: 4072 MB, Compressed Oops mode: Zero based, Oop shift amount: 3
Narrow klass base: 0x0000000800000000, Narrow klass shift: 3
Compressed class space size: 1073741824 Address: 0x0000000801190000

Heap:
 garbage-first heap   total 262144K, used 12288K [0x0000000701800000, 0x0000000800000000)
  region size 1024K, 13 young (13312K), 0 survivors (0K)
 Metaspace       used 2779K, capacity 5416K, committed 5632K, reserved 1056768K
  class space    used 224K, capacity 484K, committed 512K, reserved 1048576K
Heap Regions: E=young(eden), S=young(survivor), O=old, HS=humongous(starts), HC=humongous(continues), CS=collection set, F=free, A=archive, TAMS=top-at-mark-start (previous, next)
|   0|0x0000000701800000, 0x0000000701800000, 0x0000000701900000|  0%| F|  |TAMS 0x0000000701800000, 0x0000000701800000| Untracked 
|   1|0x0000000701900000, 0x0000000701900000, 0x0000000701a00000|  0%| F|  |TAMS 0x0000000701900000, 0x0000000701900000| Untracked 
|   2|0x0000000701a00000, 0x0000000701a00000, 0x0000000701b00000|  0%| F|  |TAMS 0x0000000701a00000, 0x0000000701a00000| Untracked 
|   3|0x0000000701b00000, 0x0000000701b00000, 0x0000000701c00000|  0%| F|  |TAMS 0x0000000701b00000, 0x0000000701b00000| Untracked 
|   4|0x0000000701c00000, 0x0000000701c00000, 0x0000000701d00000|  0%| F|  |TAMS 0x0000000701c00000, 0x0000000701c00000| Untracked 
|   5|0x0000000701d00000, 0x0000000701d00000, 0x0000000701e00000|  0%| F|  |TAMS 0x0000000701d00000, 0x0000000701d00000| Untracked 
|   6|0x0000000701e00000, 0x0000000701e00000, 0x0000000701f00000|  0%| F|  |TAMS 0x0000000701e00000, 0x0000000701e00000| Untracked 
|   7|0x0000000701f00000, 0x0000000701f00000, 0x0000000702000000|  0%| F|  |TAMS 0x0000000701f00000, 0x0000000701f00000| Untracked 
|   8|0x0000000702000000, 0x0000000702000000, 0x0000000702100000|  0%| F|  |TAMS 0x0000000702000000, 0x0000000702000000| Untracked 
|   9|0x0000000702100000, 0x0000000702100000, 0x0000000702200000|  0%| F|  |TAMS 0x0000000702100000, 0x0000000702100000| Untracked 
|  10|0x0000000702200000, 0x0000000702200000, 0x0000000702300000|  0%| F|  |TAMS 0x0000000702200000, 0x0000000702200000| Untracked 
|  11|0x0000000702300000, 0x0000000702300000, 0x0000000702400000|  0%| F|  |TAMS 0x0000000702300000, 0x0000000702300000| Untracked 
|  12|0x0000000702400000, 0x0000000702400000, 0x0000000702500000|  0%| F|  |TAMS 0x0000000702400000, 0x0000000702400000| Untracked 
|  13|0x0000000702500000, 0x0000000702500000, 0x0000000702600000|  0%| F|  |TAMS 0x0000000702500000, 0x0000000702500000| Untracked 
|  14|0x0000000702600000, 0x0000000702600000, 0x0000000702700000|  0%| F|  |TAMS 0x0000000702600000, 0x0000000702600000| Untracked 
|  15|0x0000000702700000, 0x0000000702700000, 0x0000000702800000|  0%| F|  |TAMS 0x0000000702700000, 0x0000000702700000| Untracked 
|  16|0x0000000702800000, 0x0000000702800000, 0x0000000702900000|  0%| F|  |TAMS 0x0000000702800000, 0x0000000702800000| Untracked 
|  17|0x0000000702900000, 0x0000000702900000, 0x0000000702a00000|  0%| F|  |TAMS 0x0000000702900000, 0x0000000702900000| Untracked 
|  18|0x0000000702a00000, 0x0000000702a00000, 0x0000000702b00000|  0%| F|  |TAMS 0x0000000702a00000, 0x0000000702a00000| Untracked 
|  19|0x0000000702b00000, 0x0000000702b00000, 0x0000000702c00000|  0%| F|  |TAMS 0x0000000702b00000, 0x0000000702b00000| Untracked 
|  20|0x0000000702c00000, 0x0000000702c00000, 0x0000000702d00000|  0%| F|  |TAMS 0x0000000702c00000, 0x0000000702c00000| Untracked 
|  21|0x0000000702d00000, 0x0000000702d00000, 0x0000000702e00000|  0%| F|  |TAMS 0x0000000702d00000, 0x0000000702d00000| Untracked 
|  22|0x0000000702e00000, 0x0000000702e00000, 0x0000000702f00000|  0%| F|  |TAMS 0x0000000702e00000, 0x0000000702e00000| Untracked 
|  23|0x0000000702f00000, 0x0000000702f00000, 0x0000000703000000|  0%| F|  |TAMS 0x0000000702f00000, 0x0000000702f00000| Untracked 
|  24|0x0000000703000000, 0x0000000703000000, 0x0000000703100000|  0%| F|  |TAMS 0x0000000703000000, 0x0000000703000000| Untracked 
|  25|0x0000000703100000, 0x0000000703100000, 0x0000000703200000|  0%| F|  |TAMS 0x0000000703100000, 0x0000000703100000| Untracked 
|  26|0x0000000703200000, 0x0000000703200000, 0x0000000703300000|  0%| F|  |TAMS 0x0000000703200000, 0x0000000703200000| Untracked 
|  27|0x0000000703300000, 0x0000000703300000, 0x0000000703400000|  0%| F|  |TAMS 0x0000000703300000, 0x0000000703300000| Untracked 
|  28|0x0000000703400000, 0x0000000703400000, 0x0000000703500000|  0%| F|  |TAMS 0x0000000703400000, 0x0000000703400000| Untracked 
|  29|0x0000000703500000, 0x0000000703500000, 0x0000000703600000|  0%| F|  |TAMS 0x0000000703500000, 0x0000000703500000| Untracked 
|  30|0x0000000703600000, 0x0000000703600000, 0x0000000703700000|  0%| F|  |TAMS 0x0000000703600000, 0x0000000703600000| Untracked 
|  31|0x0000000703700000, 0x0000000703700000, 0x0000000703800000|  0%| F|  |TAMS 0x0000000703700000, 0x0000000703700000| Untracked 
|  32|0x0000000703800000, 0x0000000703800000, 0x0000000703900000|  0%| F|  |TAMS 0x0000000703800000, 0x0000000703800000| Untracked 
|  33|0x0000000703900000, 0x0000000703900000, 0x0000000703a00000|  0%| F|  |TAMS 0x0000000703900000, 0x0000000703900000| Untracked 
|  34|0x0000000703a00000, 0x0000000703a00000, 0x0000000703b00000|  0%| F|  |TAMS 0x0000000703a00000, 0x0000000703a00000| Untracked 
|  35|0x0000000703b00000, 0x0000000703b00000, 0x0000000703c00000|  0%| F|  |TAMS 0x0000000703b00000, 0x0000000703b00000| Untracked 
|  36|0x0000000703c00000, 0x0000000703c00000, 0x0000000703d00000|  0%| F|  |TAMS 0x0000000703c00000, 0x0000000703c00000| Untracked 
|  37|0x0000000703d00000, 0x0000000703d00000, 0x0000000703e00000|  0%| F|  |TAMS 0x0000000703d00000, 0x0000000703d00000| Untracked 
|  38|0x0000000703e00000, 0x0000000703e00000, 0x0000000703f00000|  0%| F|  |TAMS 0x0000000703e00000, 0x0000000703e00000| Untracked 
|  39|0x0000000703f00000, 0x0000000703f00000, 0x0000000704000000|  0%| F|  |TAMS 0x0000000703f00000, 0x0000000703f00000| Untracked 
|  40|0x0000000704000000, 0x0000000704000000, 0x0000000704100000|  0%| F|  |TAMS 0x0000000704000000, 0x0000000704000000| Untracked 
|  41|0x0000000704100000, 0x0000000704100000, 0x0000000704200000|  0%| F|  |TAMS 0x0000000704100000, 0x0000000704100000| Untracked 
|  42|0x0000000704200000, 0x0000000704200000, 0x0000000704300000|  0%| F|  |TAMS 0x0000000704200000, 0x0000000704200000| Untracked 
|  43|0x0000000704300000, 0x0000000704300000, 0x0000000704400000|  0%| F|  |TAMS 0x0000000704300000, 0x0000000704300000| Untracked 
|  44|0x0000000704400000, 0x0000000704400000, 0x0000000704500000|  0%| F|  |TAMS 0x0000000704400000, 0x0000000704400000| Untracked 
|  45|0x0000000704500000, 0x0000000704500000, 0x0000000704600000|  0%| F|  |TAMS 0x0000000704500000, 0x0000000704500000| Untracked 
|  46|0x0000000704600000, 0x0000000704600000, 0x0000000704700000|  0%| F|  |TAMS 0x0000000704600000, 0x0000000704600000| Untracked 
|  47|0x0000000704700000, 0x0000000704700000, 0x0000000704800000|  0%| F|  |TAMS 0x0000000704700000, 0x0000000704700000| Untracked 
|  48|0x0000000704800000, 0x0000000704800000, 0x0000000704900000|  0%| F|  |TAMS 0x0000000704800000, 0x0000000704800000| Untracked 
|  49|0x0000000704900000, 0x0000000704900000, 0x0000000704a00000|  0%| F|  |TAMS 0x0000000704900000, 0x0000000704900000| Untracked 
|  50|0x0000000704a00000, 0x0000000704a00000, 0x0000000704b00000|  0%| F|  |TAMS 0x0000000704a00000, 0x0000000704a00000| Untracked 
|  51|0x0000000704b00000, 0x0000000704b00000, 0x0000000704c00000|  0%| F|  |TAMS 0x0000000704b00000, 0x0000000704b00000| Untracked 
|  52|0x0000000704c00000, 0x0000000704c00000, 0x0000000704d00000|  0%| F|  |TAMS 0x0000000704c00000, 0x0000000704c00000| Untracked 
|  53|0x0000000704d00000, 0x0000000704d00000, 0x0000000704e00000|  0%| F|  |TAMS 0x0000000704d00000, 0x0000000704d00000| Untracked 
|  54|0x0000000704e00000, 0x0000000704e00000, 0x0000000704f00000|  0%| F|  |TAMS 0x0000000704e00000, 0x0000000704e00000| Untracked 
|  55|0x0000000704f00000, 0x0000000704f00000, 0x0000000705000000|  0%| F|  |TAMS 0x0000000704f00000, 0x0000000704f00000| Untracked 
|  56|0x0000000705000000, 0x0000000705000000, 0x0000000705100000|  0%| F|  |TAMS 0x0000000705000000, 0x0000000705000000| Untracked 
|  57|0x0000000705100000, 0x0000000705100000, 0x0000000705200000|  0%| F|  |TAMS 0x0000000705100000, 0x0000000705100000| Untracked 
|  58|0x0000000705200000, 0x0000000705200000, 0x0000000705300000|  0%| F|  |TAMS 0x0000000705200000, 0x0000000705200000| Untracked 
|  59|0x0000000705300000, 0x0000000705300000, 0x0000000705400000|  0%| F|  |TAMS 0x0000000705300000, 0x0000000705300000| Untracked 
|  60|0x0000000705400000, 0x0000000705400000, 0x0000000705500000|  0%| F|  |TAMS 0x0000000705400000, 0x0000000705400000| Untracked 
|  61|0x0000000705500000, 0x0000000705500000, 0x0000000705600000|  0%| F|  |TAMS 0x0000000705500000, 0x0000000705500000| Untracked 
|  62|0x0000000705600000, 0x0000000705600000, 0x0000000705700000|  0%| F|  |TAMS 0x0000000705600000, 0x0000000705600000| Untracked 
|  63|0x0000000705700000, 0x0000000705700000, 0x0000000705800000|  0%| F|  |TAMS 0x0000000705700000, 0x0000000705700000| Untracked 
|  64|0x0000000705800000, 0x0000000705800000, 0x0000000705900000|  0%| F|  |TAMS 0x0000000705800000, 0x0000000705800000| Untracked 
|  65|0x0000000705900000, 0x0000000705900000, 0x0000000705a00000|  0%| F|  |TAMS 0x0000000705900000, 0x0000000705900000| Untracked 
|  66|0x0000000705a00000, 0x0000000705a00000, 0x0000000705b00000|  0%| F|  |TAMS 0x0000000705a00000, 0x0000000705a00000| Untracked 
|  67|0x0000000705b00000, 0x0000000705b00000, 0x0000000705c00000|  0%| F|  |TAMS 0x0000000705b00000, 0x0000000705b00000| Untracked 
|  68|0x0000000705c00000, 0x0000000705c00000, 0x0000000705d00000|  0%| F|  |TAMS 0x0000000705c00000, 0x0000000705c00000| Untracked 
|  69|0x0000000705d00000, 0x0000000705d00000, 0x0000000705e00000|  0%| F|  |TAMS 0x0000000705d00000, 0x0000000705d00000| Untracked 
|  70|0x0000000705e00000, 0x0000000705e00000, 0x0000000705f00000|  0%| F|  |TAMS 0x0000000705e00000, 0x0000000705e00000| Untracked 
|  71|0x0000000705f00000, 0x0000000705f00000, 0x0000000706000000|  0%| F|  |TAMS 0x0000000705f00000, 0x0000000705f00000| Untracked 
|  72|0x0000000706000000, 0x0000000706000000, 0x0000000706100000|  0%| F|  |TAMS 0x0000000706000000, 0x0000000706000000| Untracked 
|  73|0x0000000706100000, 0x0000000706100000, 0x0000000706200000|  0%| F|  |TAMS 0x0000000706100000, 0x0000000706100000| Untracked 
|  74|0x0000000706200000, 0x0000000706200000, 0x0000000706300000|  0%| F|  |TAMS 0x0000000706200000, 0x0000000706200000| Untracked 
|  75|0x0000000706300000, 0x0000000706300000, 0x0000000706400000|  0%| F|  |TAMS 0x0000000706300000, 0x0000000706300000| Untracked 
|  76|0x0000000706400000, 0x0000000706400000, 0x0000000706500000|  0%| F|  |TAMS 0x0000000706400000, 0x0000000706400000| Untracked 
|  77|0x0000000706500000, 0x0000000706500000, 0x0000000706600000|  0%| F|  |TAMS 0x0000000706500000, 0x0000000706500000| Untracked 
|  78|0x0000000706600000, 0x0000000706600000, 0x0000000706700000|  0%| F|  |TAMS 0x0000000706600000, 0x0000000706600000| Untracked 
|  79|0x0000000706700000, 0x0000000706700000, 0x0000000706800000|  0%| F|  |TAMS 0x0000000706700000, 0x0000000706700000| Untracked 
|  80|0x0000000706800000, 0x0000000706800000, 0x0000000706900000|  0%| F|  |TAMS 0x0000000706800000, 0x0000000706800000| Untracked 
|  81|0x0000000706900000, 0x0000000706900000, 0x0000000706a00000|  0%| F|  |TAMS 0x0000000706900000, 0x0000000706900000| Untracked 
|  82|0x0000000706a00000, 0x0000000706a00000, 0x0000000706b00000|  0%| F|  |TAMS 0x0000000706a00000, 0x0000000706a00000| Untracked 
|  83|0x0000000706b00000, 0x0000000706b00000, 0x0000000706c00000|  0%| F|  |TAMS 0x0000000706b00000, 0x0000000706b00000| Untracked 
|  84|0x0000000706c00000, 0x0000000706c00000, 0x0000000706d00000|  0%| F|  |TAMS 0x0000000706c00000, 0x0000000706c00000| Untracked 
|  85|0x0000000706d00000, 0x0000000706d00000, 0x0000000706e00000|  0%| F|  |TAMS 0x0000000706d00000, 0x0000000706d00000| Untracked 
|  86|0x0000000706e00000, 0x0000000706e00000, 0x0000000706f00000|  0%| F|  |TAMS 0x0000000706e00000, 0x0000000706e00000| Untracked 
|  87|0x0000000706f00000, 0x0000000706f00000, 0x0000000707000000|  0%| F|  |TAMS 0x0000000706f00000, 0x0000000706f00000| Untracked 
|  88|0x0000000707000000, 0x0000000707000000, 0x0000000707100000|  0%| F|  |TAMS 0x0000000707000000, 0x0000000707000000| Untracked 
|  89|0x0000000707100000, 0x0000000707100000, 0x0000000707200000|  0%| F|  |TAMS 0x0000000707100000, 0x0000000707100000| Untracked 
|  90|0x0000000707200000, 0x0000000707200000, 0x0000000707300000|  0%| F|  |TAMS 0x0000000707200000, 0x0000000707200000| Untracked 
|  91|0x0000000707300000, 0x0000000707300000, 0x0000000707400000|  0%| F|  |TAMS 0x0000000707300000, 0x0000000707300000| Untracked 
|  92|0x0000000707400000, 0x0000000707400000, 0x0000000707500000|  0%| F|  |TAMS 0x0000000707400000, 0x0000000707400000| Untracked 
|  93|0x0000000707500000, 0x0000000707500000, 0x0000000707600000|  0%| F|  |TAMS 0x0000000707500000, 0x0000000707500000| Untracked 
|  94|0x0000000707600000, 0x0000000707600000, 0x0000000707700000|  0%| F|  |TAMS 0x0000000707600000, 0x0000000707600000| Untracked 
|  95|0x0000000707700000, 0x0000000707700000, 0x0000000707800000|  0%| F|  |TAMS 0x0000000707700000, 0x0000000707700000| Untracked 
|  96|0x0000000707800000, 0x0000000707800000, 0x0000000707900000|  0%| F|  |TAMS 0x0000000707800000, 0x0000000707800000| Untracked 
|  97|0x0000000707900000, 0x0000000707900000, 0x0000000707a00000|  0%| F|  |TAMS 0x0000000707900000, 0x0000000707900000| Untracked 
|  98|0x0000000707a00000, 0x0000000707a00000, 0x0000000707b00000|  0%| F|  |TAMS 0x0000000707a00000, 0x0000000707a00000| Untracked 
|  99|0x0000000707b00000, 0x0000000707b00000, 0x0000000707c00000|  0%| F|  |TAMS 0x0000000707b00000, 0x0000000707b00000| Untracked 
| 100|0x0000000707c00000, 0x0000000707c00000, 0x0000000707d00000|  0%| F|  |TAMS 0x0000000707c00000, 0x0000000707c00000| Untracked 
| 101|0x0000000707d00000, 0x0000000707d00000, 0x0000000707e00000|  0%| F|  |TAMS 0x0000000707d00000, 0x0000000707d00000| Untracked 
| 102|0x0000000707e00000, 0x0000000707e00000, 0x0000000707f00000|  0%| F|  |TAMS 0x0000000707e00000, 0x0000000707e00000| Untracked 
| 103|0x0000000707f00000, 0x0000000707f00000, 0x0000000708000000|  0%| F|  |TAMS 0x0000000707f00000, 0x0000000707f00000| Untracked 
| 104|0x0000000708000000, 0x0000000708000000, 0x0000000708100000|  0%| F|  |TAMS 0x0000000708000000, 0x0000000708000000| Untracked 
| 105|0x0000000708100000, 0x0000000708100000, 0x0000000708200000|  0%| F|  |TAMS 0x0000000708100000, 0x0000000708100000| Untracked 
| 106|0x0000000708200000, 0x0000000708200000, 0x0000000708300000|  0%| F|  |TAMS 0x0000000708200000, 0x0000000708200000| Untracked 
| 107|0x0000000708300000, 0x0000000708300000, 0x0000000708400000|  0%| F|  |TAMS 0x0000000708300000, 0x0000000708300000| Untracked 
| 108|0x0000000708400000, 0x0000000708400000, 0x0000000708500000|  0%| F|  |TAMS 0x0000000708400000, 0x0000000708400000| Untracked 
| 109|0x0000000708500000, 0x0000000708500000, 0x0000000708600000|  0%| F|  |TAMS 0x0000000708500000, 0x0000000708500000| Untracked 
| 110|0x0000000708600000, 0x0000000708600000, 0x0000000708700000|  0%| F|  |TAMS 0x0000000708600000, 0x0000000708600000| Untracked 
| 111|0x0000000708700000, 0x0000000708700000, 0x0000000708800000|  0%| F|  |TAMS 0x0000000708700000, 0x0000000708700000| Untracked 
| 112|0x0000000708800000, 0x0000000708800000, 0x0000000708900000|  0%| F|  |TAMS 0x0000000708800000, 0x0000000708800000| Untracked 
| 113|0x0000000708900000, 0x0000000708900000, 0x0000000708a00000|  0%| F|  |TAMS 0x0000000708900000, 0x0000000708900000| Untracked 
| 114|0x0000000708a00000, 0x0000000708a00000, 0x0000000708b00000|  0%| F|  |TAMS 0x0000000708a00000, 0x0000000708a00000| Untracked 
| 115|0x0000000708b00000, 0x0000000708b00000, 0x0000000708c00000|  0%| F|  |TAMS 0x0000000708b00000, 0x0000000708b00000| Untracked 
| 116|0x0000000708c00000, 0x0000000708c00000, 0x0000000708d00000|  0%| F|  |TAMS 0x0000000708c00000, 0x0000000708c00000| Untracked 
| 117|0x0000000708d00000, 0x0000000708d00000, 0x0000000708e00000|  0%| F|  |TAMS 0x0000000708d00000, 0x0000000708d00000| Untracked 
| 118|0x0000000708e00000, 0x0000000708e00000, 0x0000000708f00000|  0%| F|  |TAMS 0x0000000708e00000, 0x0000000708e00000| Untracked 
| 119|0x0000000708f00000, 0x0000000708f00000, 0x0000000709000000|  0%| F|  |TAMS 0x0000000708f00000, 0x0000000708f00000| Untracked 
| 120|0x0000000709000000, 0x0000000709000000, 0x0000000709100000|  0%| F|  |TAMS 0x0000000709000000, 0x0000000709000000| Untracked 
| 121|0x0000000709100000, 0x0000000709100000, 0x0000000709200000|  0%| F|  |TAMS 0x0000000709100000, 0x0000000709100000| Untracked 
| 122|0x0000000709200000, 0x0000000709200000, 0x0000000709300000|  0%| F|  |TAMS 0x0000000709200000, 0x0000000709200000| Untracked 
| 123|0x0000000709300000, 0x0000000709300000, 0x0000000709400000|  0%| F|  |TAMS 0x0000000709300000, 0x0000000709300000| Untracked 
| 124|0x0000000709400000, 0x0000000709400000, 0x0000000709500000|  0%| F|  |TAMS 0x0000000709400000, 0x0000000709400000| Untracked 
| 125|0x0000000709500000, 0x0000000709500000, 0x0000000709600000|  0%| F|  |TAMS 0x0000000709500000, 0x0000000709500000| Untracked 
| 126|0x0000000709600000, 0x0000000709600000, 0x0000000709700000|  0%| F|  |TAMS 0x0000000709600000, 0x0000000709600000| Untracked 
| 127|0x0000000709700000, 0x0000000709700000, 0x0000000709800000|  0%| F|  |TAMS 0x0000000709700000, 0x0000000709700000| Untracked 
| 128|0x0000000709800000, 0x0000000709800000, 0x0000000709900000|  0%| F|  |TAMS 0x0000000709800000, 0x0000000709800000| Untracked 
| 129|0x0000000709900000, 0x0000000709900000, 0x0000000709a00000|  0%| F|  |TAMS 0x0000000709900000, 0x0000000709900000| Untracked 
| 130|0x0000000709a00000, 0x0000000709a00000, 0x0000000709b00000|  0%| F|  |TAMS 0x0000000709a00000, 0x0000000709a00000| Untracked 
| 131|0x0000000709b00000, 0x0000000709b00000, 0x0000000709c00000|  0%| F|  |TAMS 0x0000000709b00000, 0x0000000709b00000| Untracked 
| 132|0x0000000709c00000, 0x0000000709c00000, 0x0000000709d00000|  0%| F|  |TAMS 0x0000000709c00000, 0x0000000709c00000| Untracked 
| 133|0x0000000709d00000, 0x0000000709d00000, 0x0000000709e00000|  0%| F|  |TAMS 0x0000000709d00000, 0x0000000709d00000| Untracked 
| 134|0x0000000709e00000, 0x0000000709e00000, 0x0000000709f00000|  0%| F|  |TAMS 0x0000000709e00000, 0x0000000709e00000| Untracked 
| 135|0x0000000709f00000, 0x0000000709f00000, 0x000000070a000000|  0%| F|  |TAMS 0x0000000709f00000, 0x0000000709f00000| Untracked 
| 136|0x000000070a000000, 0x000000070a000000, 0x000000070a100000|  0%| F|  |TAMS 0x000000070a000000, 0x000000070a000000| Untracked 
| 137|0x000000070a100000, 0x000000070a100000, 0x000000070a200000|  0%| F|  |TAMS 0x000000070a100000, 0x000000070a100000| Untracked 
| 138|0x000000070a200000, 0x000000070a200000, 0x000000070a300000|  0%| F|  |TAMS 0x000000070a200000, 0x000000070a200000| Untracked 
| 139|0x000000070a300000, 0x000000070a300000, 0x000000070a400000|  0%| F|  |TAMS 0x000000070a300000, 0x000000070a300000| Untracked 
| 140|0x000000070a400000, 0x000000070a400000, 0x000000070a500000|  0%| F|  |TAMS 0x000000070a400000, 0x000000070a400000| Untracked 
| 141|0x000000070a500000, 0x000000070a500000, 0x000000070a600000|  0%| F|  |TAMS 0x000000070a500000, 0x000000070a500000| Untracked 
| 142|0x000000070a600000, 0x000000070a600000, 0x000000070a700000|  0%| F|  |TAMS 0x000000070a600000, 0x000000070a600000| Untracked 
| 143|0x000000070a700000, 0x000000070a700000, 0x000000070a800000|  0%| F|  |TAMS 0x000000070a700000, 0x000000070a700000| Untracked 
| 144|0x000000070a800000, 0x000000070a800000, 0x000000070a900000|  0%| F|  |TAMS 0x000000070a800000, 0x000000070a800000| Untracked 
| 145|0x000000070a900000, 0x000000070a900000, 0x000000070aa00000|  0%| F|  |TAMS 0x000000070a900000, 0x000000070a900000| Untracked 
| 146|0x000000070aa00000, 0x000000070aa00000, 0x000000070ab00000|  0%| F|  |TAMS 0x000000070aa00000, 0x000000070aa00000| Untracked 
| 147|0x000000070ab00000, 0x000000070ab00000, 0x000000070ac00000|  0%| F|  |TAMS 0x000000070ab00000, 0x000000070ab00000| Untracked 
| 148|0x000000070ac00000, 0x000000070ac00000, 0x000000070ad00000|  0%| F|  |TAMS 0x000000070ac00000, 0x000000070ac00000| Untracked 
| 149|0x000000070ad00000, 0x000000070ad00000, 0x000000070ae00000|  0%| F|  |TAMS 0x000000070ad00000, 0x000000070ad00000| Untracked 
| 150|0x000000070ae00000, 0x000000070ae00000, 0x000000070af00000|  0%| F|  |TAMS 0x000000070ae00000, 0x000000070ae00000| Untracked 
| 151|0x000000070af00000, 0x000000070af00000, 0x000000070b000000|  0%| F|  |TAMS 0x000000070af00000, 0x000000070af00000| Untracked 
| 152|0x000000070b000000, 0x000000070b000000, 0x000000070b100000|  0%| F|  |TAMS 0x000000070b000000, 0x000000070b000000| Untracked 
| 153|0x000000070b100000, 0x000000070b100000, 0x000000070b200000|  0%| F|  |TAMS 0x000000070b100000, 0x000000070b100000| Untracked 
| 154|0x000000070b200000, 0x000000070b200000, 0x000000070b300000|  0%| F|  |TAMS 0x000000070b200000, 0x000000070b200000| Untracked 
| 155|0x000000070b300000, 0x000000070b300000, 0x000000070b400000|  0%| F|  |TAMS 0x000000070b300000, 0x000000070b300000| Untracked 
| 156|0x000000070b400000, 0x000000070b400000, 0x000000070b500000|  0%| F|  |TAMS 0x000000070b400000, 0x000000070b400000| Untracked 
| 157|0x000000070b500000, 0x000000070b500000, 0x000000070b600000|  0%| F|  |TAMS 0x000000070b500000, 0x000000070b500000| Untracked 
| 158|0x000000070b600000, 0x000000070b600000, 0x000000070b700000|  0%| F|  |TAMS 0x000000070b600000, 0x000000070b600000| Untracked 
| 159|0x000000070b700000, 0x000000070b700000, 0x000000070b800000|  0%| F|  |TAMS 0x000000070b700000, 0x000000070b700000| Untracked 
| 160|0x000000070b800000, 0x000000070b800000, 0x000000070b900000|  0%| F|  |TAMS 0x000000070b800000, 0x000000070b800000| Untracked 
| 161|0x000000070b900000, 0x000000070b900000, 0x000000070ba00000|  0%| F|  |TAMS 0x000000070b900000, 0x000000070b900000| Untracked 
| 162|0x000000070ba00000, 0x000000070ba00000, 0x000000070bb00000|  0%| F|  |TAMS 0x000000070ba00000, 0x000000070ba00000| Untracked 
| 163|0x000000070bb00000, 0x000000070bb00000, 0x000000070bc00000|  0%| F|  |TAMS 0x000000070bb00000, 0x000000070bb00000| Untracked 
| 164|0x000000070bc00000, 0x000000070bc00000, 0x000000070bd00000|  0%| F|  |TAMS 0x000000070bc00000, 0x000000070bc00000| Untracked 
| 165|0x000000070bd00000, 0x000000070bd00000, 0x000000070be00000|  0%| F|  |TAMS 0x000000070bd00000, 0x000000070bd00000| Untracked 
| 166|0x000000070be00000, 0x000000070be00000, 0x000000070bf00000|  0%| F|  |TAMS 0x000000070be00000, 0x000000070be00000| Untracked 
| 167|0x000000070bf00000, 0x000000070bf00000, 0x000000070c000000|  0%| F|  |TAMS 0x000000070bf00000, 0x000000070bf00000| Untracked 
| 168|0x000000070c000000, 0x000000070c000000, 0x000000070c100000|  0%| F|  |TAMS 0x000000070c000000, 0x000000070c000000| Untracked 
| 169|0x000000070c100000, 0x000000070c100000, 0x000000070c200000|  0%| F|  |TAMS 0x000000070c100000, 0x000000070c100000| Untracked 
| 170|0x000000070c200000, 0x000000070c200000, 0x000000070c300000|  0%| F|  |TAMS 0x000000070c200000, 0x000000070c200000| Untracked 
| 171|0x000000070c300000, 0x000000070c300000, 0x000000070c400000|  0%| F|  |TAMS 0x000000070c300000, 0x000000070c300000| Untracked 
| 172|0x000000070c400000, 0x000000070c400000, 0x000000070c500000|  0%| F|  |TAMS 0x000000070c400000, 0x000000070c400000| Untracked 
| 173|0x000000070c500000, 0x000000070c500000, 0x000000070c600000|  0%| F|  |TAMS 0x000000070c500000, 0x000000070c500000| Untracked 
| 174|0x000000070c600000, 0x000000070c600000, 0x000000070c700000|  0%| F|  |TAMS 0x000000070c600000, 0x000000070c600000| Untracked 
| 175|0x000000070c700000, 0x000000070c700000, 0x000000070c800000|  0%| F|  |TAMS 0x000000070c700000, 0x000000070c700000| Untracked 
| 176|0x000000070c800000, 0x000000070c800000, 0x000000070c900000|  0%| F|  |TAMS 0x000000070c800000, 0x000000070c800000| Untracked 
| 177|0x000000070c900000, 0x000000070c900000, 0x000000070ca00000|  0%| F|  |TAMS 0x000000070c900000, 0x000000070c900000| Untracked 
| 178|0x000000070ca00000, 0x000000070ca00000, 0x000000070cb00000|  0%| F|  |TAMS 0x000000070ca00000, 0x000000070ca00000| Untracked 
| 179|0x000000070cb00000, 0x000000070cb00000, 0x000000070cc00000|  0%| F|  |TAMS 0x000000070cb00000, 0x000000070cb00000| Untracked 
| 180|0x000000070cc00000, 0x000000070cc00000, 0x000000070cd00000|  0%| F|  |TAMS 0x000000070cc00000, 0x000000070cc00000| Untracked 
| 181|0x000000070cd00000, 0x000000070cd00000, 0x000000070ce00000|  0%| F|  |TAMS 0x000000070cd00000, 0x000000070cd00000| Untracked 
| 182|0x000000070ce00000, 0x000000070ce00000, 0x000000070cf00000|  0%| F|  |TAMS 0x000000070ce00000, 0x000000070ce00000| Untracked 
| 183|0x000000070cf00000, 0x000000070cf00000, 0x000000070d000000|  0%| F|  |TAMS 0x000000070cf00000, 0x000000070cf00000| Untracked 
| 184|0x000000070d000000, 0x000000070d000000, 0x000000070d100000|  0%| F|  |TAMS 0x000000070d000000, 0x000000070d000000| Untracked 
| 185|0x000000070d100000, 0x000000070d100000, 0x000000070d200000|  0%| F|  |TAMS 0x000000070d100000, 0x000000070d100000| Untracked 
| 186|0x000000070d200000, 0x000000070d200000, 0x000000070d300000|  0%| F|  |TAMS 0x000000070d200000, 0x000000070d200000| Untracked 
| 187|0x000000070d300000, 0x000000070d300000, 0x000000070d400000|  0%| F|  |TAMS 0x000000070d300000, 0x000000070d300000| Untracked 
| 188|0x000000070d400000, 0x000000070d400000, 0x000000070d500000|  0%| F|  |TAMS 0x000000070d400000, 0x000000070d400000| Untracked 
| 189|0x000000070d500000, 0x000000070d500000, 0x000000070d600000|  0%| F|  |TAMS 0x000000070d500000, 0x000000070d500000| Untracked 
| 190|0x000000070d600000, 0x000000070d600000, 0x000000070d700000|  0%| F|  |TAMS 0x000000070d600000, 0x000000070d600000| Untracked 
| 191|0x000000070d700000, 0x000000070d700000, 0x000000070d800000|  0%| F|  |TAMS 0x000000070d700000, 0x000000070d700000| Untracked 
| 192|0x000000070d800000, 0x000000070d800000, 0x000000070d900000|  0%| F|  |TAMS 0x000000070d800000, 0x000000070d800000| Untracked 
| 193|0x000000070d900000, 0x000000070d900000, 0x000000070da00000|  0%| F|  |TAMS 0x000000070d900000, 0x000000070d900000| Untracked 
| 194|0x000000070da00000, 0x000000070da00000, 0x000000070db00000|  0%| F|  |TAMS 0x000000070da00000, 0x000000070da00000| Untracked 
| 195|0x000000070db00000, 0x000000070db00000, 0x000000070dc00000|  0%| F|  |TAMS 0x000000070db00000, 0x000000070db00000| Untracked 
| 196|0x000000070dc00000, 0x000000070dc00000, 0x000000070dd00000|  0%| F|  |TAMS 0x000000070dc00000, 0x000000070dc00000| Untracked 
| 197|0x000000070dd00000, 0x000000070dd00000, 0x000000070de00000|  0%| F|  |TAMS 0x000000070dd00000, 0x000000070dd00000| Untracked 
| 198|0x000000070de00000, 0x000000070de00000, 0x000000070df00000|  0%| F|  |TAMS 0x000000070de00000, 0x000000070de00000| Untracked 
| 199|0x000000070df00000, 0x000000070df00000, 0x000000070e000000|  0%| F|  |TAMS 0x000000070df00000, 0x000000070df00000| Untracked 
| 200|0x000000070e000000, 0x000000070e000000, 0x000000070e100000|  0%| F|  |TAMS 0x000000070e000000, 0x000000070e000000| Untracked 
| 201|0x000000070e100000, 0x000000070e100000, 0x000000070e200000|  0%| F|  |TAMS 0x000000070e100000, 0x000000070e100000| Untracked 
| 202|0x000000070e200000, 0x000000070e200000, 0x000000070e300000|  0%| F|  |TAMS 0x000000070e200000, 0x000000070e200000| Untracked 
| 203|0x000000070e300000, 0x000000070e300000, 0x000000070e400000|  0%| F|  |TAMS 0x000000070e300000, 0x000000070e300000| Untracked 
| 204|0x000000070e400000, 0x000000070e400000, 0x000000070e500000|  0%| F|  |TAMS 0x000000070e400000, 0x000000070e400000| Untracked 
| 205|0x000000070e500000, 0x000000070e500000, 0x000000070e600000|  0%| F|  |TAMS 0x000000070e500000, 0x000000070e500000| Untracked 
| 206|0x000000070e600000, 0x000000070e600000, 0x000000070e700000|  0%| F|  |TAMS 0x000000070e600000, 0x000000070e600000| Untracked 
| 207|0x000000070e700000, 0x000000070e700000, 0x000000070e800000|  0%| F|  |TAMS 0x000000070e700000, 0x000000070e700000| Untracked 
| 208|0x000000070e800000, 0x000000070e800000, 0x000000070e900000|  0%| F|  |TAMS 0x000000070e800000, 0x000000070e800000| Untracked 
| 209|0x000000070e900000, 0x000000070e900000, 0x000000070ea00000|  0%| F|  |TAMS 0x000000070e900000, 0x000000070e900000| Untracked 
| 210|0x000000070ea00000, 0x000000070ea00000, 0x000000070eb00000|  0%| F|  |TAMS 0x000000070ea00000, 0x000000070ea00000| Untracked 
| 211|0x000000070eb00000, 0x000000070eb00000, 0x000000070ec00000|  0%| F|  |TAMS 0x000000070eb00000, 0x000000070eb00000| Untracked 
| 212|0x000000070ec00000, 0x000000070ec00000, 0x000000070ed00000|  0%| F|  |TAMS 0x000000070ec00000, 0x000000070ec00000| Untracked 
| 213|0x000000070ed00000, 0x000000070ed00000, 0x000000070ee00000|  0%| F|  |TAMS 0x000000070ed00000, 0x000000070ed00000| Untracked 
| 214|0x000000070ee00000, 0x000000070ee00000, 0x000000070ef00000|  0%| F|  |TAMS 0x000000070ee00000, 0x000000070ee00000| Untracked 
| 215|0x000000070ef00000, 0x000000070ef00000, 0x000000070f000000|  0%| F|  |TAMS 0x000000070ef00000, 0x000000070ef00000| Untracked 
| 216|0x000000070f000000, 0x000000070f000000, 0x000000070f100000|  0%| F|  |TAMS 0x000000070f000000, 0x000000070f000000| Untracked 
| 217|0x000000070f100000, 0x000000070f100000, 0x000000070f200000|  0%| F|  |TAMS 0x000000070f100000, 0x000000070f100000| Untracked 
| 218|0x000000070f200000, 0x000000070f200000, 0x000000070f300000|  0%| F|  |TAMS 0x000000070f200000, 0x000000070f200000| Untracked 
| 219|0x000000070f300000, 0x000000070f300000, 0x000000070f400000|  0%| F|  |TAMS 0x000000070f300000, 0x000000070f300000| Untracked 
| 220|0x000000070f400000, 0x000000070f400000, 0x000000070f500000|  0%| F|  |TAMS 0x000000070f400000, 0x000000070f400000| Untracked 
| 221|0x000000070f500000, 0x000000070f500000, 0x000000070f600000|  0%| F|  |TAMS 0x000000070f500000, 0x000000070f500000| Untracked 
| 222|0x000000070f600000, 0x000000070f600000, 0x000000070f700000|  0%| F|  |TAMS 0x000000070f600000, 0x000000070f600000| Untracked 
| 223|0x000000070f700000, 0x000000070f700000, 0x000000070f800000|  0%| F|  |TAMS 0x000000070f700000, 0x000000070f700000| Untracked 
| 224|0x000000070f800000, 0x000000070f800000, 0x000000070f900000|  0%| F|  |TAMS 0x000000070f800000, 0x000000070f800000| Untracked 
| 225|0x000000070f900000, 0x000000070f900000, 0x000000070fa00000|  0%| F|  |TAMS 0x000000070f900000, 0x000000070f900000| Untracked 
| 226|0x000000070fa00000, 0x000000070fa00000, 0x000000070fb00000|  0%| F|  |TAMS 0x000000070fa00000, 0x000000070fa00000| Untracked 
| 227|0x000000070fb00000, 0x000000070fb00000, 0x000000070fc00000|  0%| F|  |TAMS 0x000000070fb00000, 0x000000070fb00000| Untracked 
| 228|0x000000070fc00000, 0x000000070fc00000, 0x000000070fd00000|  0%| F|  |TAMS 0x000000070fc00000, 0x000000070fc00000| Untracked 
| 229|0x000000070fd00000, 0x000000070fd00000, 0x000000070fe00000|  0%| F|  |TAMS 0x000000070fd00000, 0x000000070fd00000| Untracked 
| 230|0x000000070fe00000, 0x000000070fe00000, 0x000000070ff00000|  0%| F|  |TAMS 0x000000070fe00000, 0x000000070fe00000| Untracked 
| 231|0x000000070ff00000, 0x000000070ff00000, 0x0000000710000000|  0%| F|  |TAMS 0x000000070ff00000, 0x000000070ff00000| Untracked 
| 232|0x0000000710000000, 0x0000000710000000, 0x0000000710100000|  0%| F|  |TAMS 0x0000000710000000, 0x0000000710000000| Untracked 
| 233|0x0000000710100000, 0x0000000710100000, 0x0000000710200000|  0%| F|  |TAMS 0x0000000710100000, 0x0000000710100000| Untracked 
| 234|0x0000000710200000, 0x0000000710200000, 0x0000000710300000|  0%| F|  |TAMS 0x0000000710200000, 0x0000000710200000| Untracked 
| 235|0x0000000710300000, 0x0000000710300000, 0x0000000710400000|  0%| F|  |TAMS 0x0000000710300000, 0x0000000710300000| Untracked 
| 236|0x0000000710400000, 0x0000000710400000, 0x0000000710500000|  0%| F|  |TAMS 0x0000000710400000, 0x0000000710400000| Untracked 
| 237|0x0000000710500000, 0x0000000710500000, 0x0000000710600000|  0%| F|  |TAMS 0x0000000710500000, 0x0000000710500000| Untracked 
| 238|0x0000000710600000, 0x0000000710600000, 0x0000000710700000|  0%| F|  |TAMS 0x0000000710600000, 0x0000000710600000| Untracked 
| 239|0x0000000710700000, 0x0000000710700000, 0x0000000710800000|  0%| F|  |TAMS 0x0000000710700000, 0x0000000710700000| Untracked 
| 240|0x0000000710800000, 0x0000000710800000, 0x0000000710900000|  0%| F|  |TAMS 0x0000000710800000, 0x0000000710800000| Untracked 
| 241|0x0000000710900000, 0x0000000710900000, 0x0000000710a00000|  0%| F|  |TAMS 0x0000000710900000, 0x0000000710900000| Untracked 
| 242|0x0000000710a00000, 0x0000000710a00000, 0x0000000710b00000|  0%| F|  |TAMS 0x0000000710a00000, 0x0000000710a00000| Untracked 
| 243|0x0000000710b00000, 0x0000000710bf6678, 0x0000000710c00000| 96%| E|  |TAMS 0x0000000710b00000, 0x0000000710b00000| Complete 
| 244|0x0000000710c00000, 0x0000000710d00000, 0x0000000710d00000|100%| E|CS|TAMS 0x0000000710c00000, 0x0000000710c00000| Complete 
| 245|0x0000000710d00000, 0x0000000710e00000, 0x0000000710e00000|100%| E|CS|TAMS 0x0000000710d00000, 0x0000000710d00000| Complete 
| 246|0x0000000710e00000, 0x0000000710f00000, 0x0000000710f00000|100%| E|CS|TAMS 0x0000000710e00000, 0x0000000710e00000| Complete 
| 247|0x0000000710f00000, 0x0000000711000000, 0x0000000711000000|100%| E|CS|TAMS 0x0000000710f00000, 0x0000000710f00000| Complete 
| 248|0x0000000711000000, 0x0000000711100000, 0x0000000711100000|100%| E|CS|TAMS 0x0000000711000000, 0x0000000711000000| Complete 
| 249|0x0000000711100000, 0x0000000711200000, 0x0000000711200000|100%| E|CS|TAMS 0x0000000711100000, 0x0000000711100000| Complete 
| 250|0x0000000711200000, 0x0000000711300000, 0x0000000711300000|100%| E|CS|TAMS 0x0000000711200000, 0x0000000711200000| Complete 
| 251|0x0000000711300000, 0x0000000711400000, 0x0000000711400000|100%| E|CS|TAMS 0x0000000711300000, 0x0000000711300000| Complete 
| 252|0x0000000711400000, 0x0000000711500000, 0x0000000711500000|100%| E|CS|TAMS 0x0000000711400000, 0x0000000711400000| Complete 
| 253|0x0000000711500000, 0x0000000711600000, 0x0000000711600000|100%| E|CS|TAMS 0x0000000711500000, 0x0000000711500000| Complete 
| 254|0x0000000711600000, 0x0000000711700000, 0x0000000711700000|100%| E|CS|TAMS 0x0000000711600000, 0x0000000711600000| Complete 
| 255|0x0000000711700000, 0x0000000711800000, 0x0000000711800000|100%| E|CS|TAMS 0x0000000711700000, 0x0000000711700000| Complete 

Card table byte_map: [0x000001abe9190000,0x000001abe9990000] _byte_map_base: 0x000001abe5984000

Marking Bits (Prev, Next): (CMBitMap*) 0x000001abd12c6d28, (CMBitMap*) 0x000001abd12c6d68
 Prev Bits: [0x000001abea190000, 0x000001abee130000)
 Next Bits: [0x000001abee130000, 0x000001abf20d0000)

Polling page: 0x000001abcf220000

Metaspace:

Usage:
  Non-class:      4.82 MB capacity,     2.50 MB ( 52%) used,     2.31 MB ( 48%) free+waste,     7.13 KB ( <1%) overhead. 
      Class:    484.00 KB capacity,   224.14 KB ( 46%) used,   255.80 KB ( 53%) free+waste,     4.06 KB ( <1%) overhead. 
       Both:      5.29 MB capacity,     2.71 MB ( 51%) used,     2.56 MB ( 48%) free+waste,    11.19 KB ( <1%) overhead. 

Virtual space:
  Non-class space:        8.00 MB reserved,       5.00 MB ( 63%) committed 
      Class space:        1.00 GB reserved,     512.00 KB ( <1%) committed 
             Both:        1.01 GB reserved,       5.50 MB ( <1%) committed 

Chunk freelists:
   Non-Class:  7.50 KB
       Class:  0 bytes
        Both:  7.50 KB

CodeHeap 'non-profiled nmethods': size=120000Kb used=237Kb max_used=237Kb free=119762Kb
 bounds [0x000001abe1130000, 0x000001abe13a0000, 0x000001abe8660000]
CodeHeap 'profiled nmethods': size=120000Kb used=1322Kb max_used=1322Kb free=118677Kb
 bounds [0x000001abd9c00000, 0x000001abd9e70000, 0x000001abe1130000]
CodeHeap 'non-nmethods': size=5760Kb used=1115Kb max_used=1131Kb free=4644Kb
 bounds [0x000001abd9660000, 0x000001abd98d0000, 0x000001abd9c00000]
 total_blobs=1297 nmethods=684 adapters=334
 compilation: enabled
              stopped_count=0, restarted_count=0
 full_count=0

Compilation events (10 events):
Event: 0.604 Thread 0x000001abf5507800 nmethod 679 0x000001abe1168c10 code [0x000001abe1168dc0, 0x000001abe1168ef8]
Event: 0.604 Thread 0x000001abf5507800  681       3       sun.invoke.util.Wrapper::forBasicType (16 bytes)
Event: 0.604 Thread 0x000001abf5507800 nmethod 681 0x000001abd9d48b10 code [0x000001abd9d48ce0, 0x000001abd9d48ed0]
Event: 0.606 Thread 0x000001abf5507800  682       3       java.nio.MappedByteBuffer::position (6 bytes)
Event: 0.606 Thread 0x000001abf5507800 nmethod 682 0x000001abd9d48f90 code [0x000001abd9d49160, 0x000001abd9d493f0]
Event: 0.609 Thread 0x000001abf5507800  683       3       java.net.URL::<init> (8 bytes)
Event: 0.609 Thread 0x000001abf5507800 nmethod 683 0x000001abd9d49510 code [0x000001abd9d496e0, 0x000001abd9d49890]
Event: 0.610 Thread 0x000001abf5507800  684       3       sun.net.www.ParseUtil::firstEncodeIndex (86 bytes)
Event: 0.610 Thread 0x000001abf57b3000 nmethod 680 0x000001abe1168f90 code [0x000001abe1169140, 0x000001abe1169678]
Event: 0.610 Thread 0x000001abf5507800 nmethod 684 0x000001abd9d49910 code [0x000001abd9d49b80, 0x000001abd9d4a5b0]

GC Heap History (0 events):
No events

Deoptimization events (10 events):
Event: 0.280 Thread 0x000001abd125d800 Uncommon trap: reason=class_check action=maybe_recompile pc=0x000001abe113fef4 method=java.util.HashMap.putVal(ILjava/lang/Object;Ljava/lang/Object;ZZ)Ljava/lang/Object; @ 152 c2
Event: 0.455 Thread 0x000001abd125d800 Uncommon trap: reason=unstable_if action=reinterpret pc=0x000001abe1152a48 method=java.util.jar.Manifest$FastInputStream.readLine([BII)I @ 48 c2
Event: 0.511 Thread 0x000001abd125d800 Uncommon trap: reason=bimorphic_or_optimized_type_check action=maybe_recompile pc=0x000001abe113c9c4 method=java.util.AbstractCollection.isEmpty()Z @ 1 c2
Event: 0.511 Thread 0x000001abd125d800 Uncommon trap: reason=bimorphic_or_optimized_type_check action=maybe_recompile pc=0x000001abe113c9c4 method=java.util.AbstractCollection.isEmpty()Z @ 1 c2
Event: 0.511 Thread 0x000001abd125d800 Uncommon trap: reason=bimorphic_or_optimized_type_check action=maybe_recompile pc=0x000001abe113c9c4 method=java.util.AbstractCollection.isEmpty()Z @ 1 c2
Event: 0.540 Thread 0x000001abd125d800 Uncommon trap: reason=class_check action=maybe_recompile pc=0x000001abe115d8d8 method=java.util.HashMap.getNode(ILjava/lang/Object;)Ljava/util/HashMap$Node; @ 59 c2
Event: 0.549 Thread 0x000001abd125d800 Uncommon trap: reason=class_check action=maybe_recompile pc=0x000001abe115d8d8 method=java.util.HashMap.getNode(ILjava/lang/Object;)Ljava/util/HashMap$Node; @ 59 c2
Event: 0.567 Thread 0x000001abd125d800 Uncommon trap: reason=unstable_if action=reinterpret pc=0x000001abe1131524 method=java.lang.String.isLatin1()Z @ 10 c2
Event: 0.577 Thread 0x000001abd125d800 Uncommon trap: reason=class_check action=maybe_recompile pc=0x000001abe115d958 method=java.util.HashMap.getNode(ILjava/lang/Object;)Ljava/util/HashMap$Node; @ 126 c2
Event: 0.587 Thread 0x000001abd125d800 Uncommon trap: reason=class_check action=maybe_recompile pc=0x000001abe115d8d8 method=java.util.HashMap.getNode(ILjava/lang/Object;)Ljava/util/HashMap$Node; @ 59 c2

Classes redefined (0 events):
No events

Internal exceptions (4 events):
Event: 0.515 Thread 0x000001abd125d800 Exception <a 'java/lang/NoSuchMethodError'{0x0000000710d6d3f8}: java.lang.invoke.DelegatingMethodHandle$Holder.delegate(Ljava/lang/Object;Ljava/lang/Object;ILjava/lang/Object;)V> (0x0000000710d6d3f8) thrown at [t:/workspace/open/src/hotspot/share/interpre
Event: 0.516 Thread 0x000001abd125d800 Exception <a 'java/lang/NoSuchMethodError'{0x0000000710d73ee0}: java.lang.invoke.DirectMethodHandle$Holder.invokeStaticInit(Ljava/lang/Object;Ljava/lang/Object;Ljava/lang/Object;)Ljava/lang/Object;> (0x0000000710d73ee0) thrown at [t:/workspace/open/src/ho
Event: 0.591 Thread 0x000001abd125d800 Exception <a 'sun/nio/fs/WindowsException'{0x0000000710b373b0}> (0x0000000710b373b0) thrown at [t:/workspace/open/src/hotspot/share/prims/jni.cpp, line 615]
Event: 0.592 Thread 0x000001abd125d800 Exception <a 'sun/nio/fs/WindowsException'{0x0000000710b378a0}> (0x0000000710b378a0) thrown at [t:/workspace/open/src/hotspot/share/prims/jni.cpp, line 615]

Events (10 events):
Event: 0.604 loading class org/lwjgl/system/jni/JNINativeInterface
Event: 0.604 loading class org/lwjgl/system/jni/JNINativeInterface done
Event: 0.606 loading class org/lwjgl/system/windows/WinBase
Event: 0.606 loading class org/lwjgl/system/windows/WinBase done
Event: 0.609 loading class org/lwjgl/opengl/GL$1
Event: 0.609 loading class org/lwjgl/opengl/GL$1 done
Event: 0.610 loading class org/lwjgl/opengl/GL$SharedLibraryGL
Event: 0.610 loading class org/lwjgl/opengl/GL$SharedLibraryGL done
Event: 0.610 loading class org/lwjgl/system/SharedLibrary$Delegate
Event: 0.610 loading class org/lwjgl/system/SharedLibrary$Delegate done


Dynamic libraries:
0x00007ff62d9c0000 - 0x00007ff62d9cf000 	C:\Program Files\Java\jdk-12.0.2\bin\java.exe
0x00007ff8a6c10000 - 0x00007ff8a6e05000 	C:\WINDOWS\SYSTEM32\ntdll.dll
0x00007ff8a68f0000 - 0x00007ff8a69ad000 	C:\WINDOWS\System32\KERNEL32.DLL
0x00007ff8a48a0000 - 0x00007ff8a4b69000 	C:\WINDOWS\System32\KERNELBASE.dll
0x00007ff8a4b70000 - 0x00007ff8a4c70000 	C:\WINDOWS\System32\ucrtbase.dll
0x00007ff831ad0000 - 0x00007ff831ae8000 	C:\Program Files\Java\jdk-12.0.2\bin\jli.dll
0x00007ff831ab0000 - 0x00007ff831ac6000 	C:\Program Files\Java\jdk-12.0.2\bin\VCRUNTIME140.dll
0x00007ff8a4d60000 - 0x00007ff8a4e0c000 	C:\WINDOWS\System32\ADVAPI32.dll
0x00007ff8a5290000 - 0x00007ff8a532e000 	C:\WINDOWS\System32\msvcrt.dll
0x00007ff8a6850000 - 0x00007ff8a68eb000 	C:\WINDOWS\System32\sechost.dll
0x00007ff8a53e0000 - 0x00007ff8a550a000 	C:\WINDOWS\System32\RPCRT4.dll
0x00007ff8a5090000 - 0x00007ff8a5230000 	C:\WINDOWS\System32\USER32.dll
0x00007ff8a43d0000 - 0x00007ff8a43f2000 	C:\WINDOWS\System32\win32u.dll
0x00007ff895df0000 - 0x00007ff89608a000 	C:\WINDOWS\WinSxS\amd64_microsoft.windows.common-controls_6595b64144ccf1df_6.0.19041.1110_none_60b5254171f9507e\COMCTL32.dll
0x00007ff8a4d30000 - 0x00007ff8a4d5a000 	C:\WINDOWS\System32\GDI32.dll
0x00007ff8a4400000 - 0x00007ff8a450b000 	C:\WINDOWS\System32\gdi32full.dll
0x00007ff8a4720000 - 0x00007ff8a47bd000 	C:\WINDOWS\System32\msvcp_win.dll
0x00007ff89c930000 - 0x00007ff89c93a000 	C:\WINDOWS\SYSTEM32\VERSION.dll
0x00007ff8a4c70000 - 0x00007ff8a4ca0000 	C:\WINDOWS\System32\IMM32.DLL
0x00007ff831a00000 - 0x00007ff831aaa000 	C:\Program Files\Java\jdk-12.0.2\bin\msvcp140.dll
0x00007ff830e80000 - 0x00007ff8319f7000 	C:\Program Files\Java\jdk-12.0.2\bin\server\jvm.dll
0x00007ff8a4f00000 - 0x00007ff8a4f08000 	C:\WINDOWS\System32\PSAPI.DLL
0x00007ff88ab90000 - 0x00007ff88ab99000 	C:\WINDOWS\SYSTEM32\WSOCK32.dll
0x00007ff8997a0000 - 0x00007ff8997c7000 	C:\WINDOWS\SYSTEM32\WINMM.dll
0x00007ff8a67e0000 - 0x00007ff8a684b000 	C:\WINDOWS\System32\WS2_32.dll
0x00007ff8a2270000 - 0x00007ff8a2282000 	C:\WINDOWS\SYSTEM32\kernel.appcore.dll
0x00007ff830e60000 - 0x00007ff830e71000 	C:\Program Files\Java\jdk-12.0.2\bin\verify.dll
0x00007ff88dc10000 - 0x00007ff88ddf4000 	C:\WINDOWS\SYSTEM32\DBGHELP.DLL
0x00007ff88dae0000 - 0x00007ff88db0c000 	C:\WINDOWS\SYSTEM32\dbgcore.DLL
0x00007ff8a4340000 - 0x00007ff8a43c3000 	C:\WINDOWS\System32\bcryptPrimitives.dll
0x00007ff830e30000 - 0x00007ff830e56000 	C:\Program Files\Java\jdk-12.0.2\bin\java.dll
0x00007ff89fa40000 - 0x00007ff89fa4e000 	C:\Program Files\Java\jdk-12.0.2\bin\instrument.dll
0x00007ff830e10000 - 0x00007ff830e27000 	C:\Program Files\Java\jdk-12.0.2\bin\zip.dll
0x00007ff83ded0000 - 0x00007ff83deda000 	C:\Program Files\Java\jdk-12.0.2\bin\jimage.dll
0x00007ff8a60a0000 - 0x00007ff8a67df000 	C:\WINDOWS\System32\SHELL32.dll
0x00007ff8a2470000 - 0x00007ff8a2c00000 	C:\WINDOWS\SYSTEM32\windows.storage.dll
0x00007ff8a5d40000 - 0x00007ff8a6095000 	C:\WINDOWS\System32\combase.dll
0x00007ff8a3da0000 - 0x00007ff8a3dcc000 	C:\WINDOWS\SYSTEM32\Wldp.dll
0x00007ff8a69d0000 - 0x00007ff8a6a7e000 	C:\WINDOWS\System32\SHCORE.dll
0x00007ff8a5230000 - 0x00007ff8a5285000 	C:\WINDOWS\System32\shlwapi.dll
0x00007ff8a4280000 - 0x00007ff8a429f000 	C:\WINDOWS\SYSTEM32\profapi.dll
0x00007ff830df0000 - 0x00007ff830e09000 	C:\Program Files\Java\jdk-12.0.2\bin\net.dll
0x00007ff89e480000 - 0x00007ff89e588000 	C:\WINDOWS\SYSTEM32\WINHTTP.dll
0x00007ff896530000 - 0x00007ff89671c000 	C:\WINDOWS\SYSTEM32\urlmon.dll
0x00007ff896280000 - 0x00007ff896530000 	C:\WINDOWS\SYSTEM32\iertutil.dll
0x00007ff8a37e0000 - 0x00007ff8a37ec000 	C:\WINDOWS\SYSTEM32\netutils.dll
0x00007ff898310000 - 0x00007ff898338000 	C:\WINDOWS\SYSTEM32\srvcli.dll
0x00007ff8a3b00000 - 0x00007ff8a3b6a000 	C:\WINDOWS\system32\mswsock.dll
0x00007ff830dd0000 - 0x00007ff830de3000 	C:\Program Files\Java\jdk-12.0.2\bin\nio.dll
0x00007ff89f5a0000 - 0x00007ff89f5ba000 	C:\Program Files\JetBrains\IntelliJ IDEA Community Edition 2020.3\bin\breakgen64.dll
0x00007ff88ec50000 - 0x00007ff88ecab000 	C:\Users\Morgan\AppData\Local\Temp\lwjglMorgan\3.1.6-build-14\lwjgl.dll
0x00007ff88ebf0000 - 0x00007ff88ec4f000 	C:\Users\Morgan\AppData\Local\Temp\lwjglMorgan\3.1.6-build-14\lwjgl_opengl.dll
0x00007ff85a8d0000 - 0x00007ff85a9f5000 	C:\WINDOWS\SYSTEM32\opengl32.dll
0x00007ff858a70000 - 0x00007ff858a9c000 	C:\WINDOWS\SYSTEM32\GLU32.dll

dbghelp: loaded successfully - version: 4.0.5 - missing functions: none
symbol engine: initialized successfully - sym options: 0x614 - pdb path: .;C:\Program Files\Java\jdk-12.0.2\bin;C:\WINDOWS\SYSTEM32;C:\WINDOWS\WinSxS\amd64_microsoft.windows.common-controls_6595b64144ccf1df_6.0.19041.1110_none_60b5254171f9507e;C:\Program Files\Java\jdk-12.0.2\bin\server;C:\Program Files\JetBrains\IntelliJ IDEA Community Edition 2020.3\bin;C:\Users\Morgan\AppData\Local\Temp\lwjglMorgan\3.1.6-build-14

VM Arguments:
jvm_args: -javaagent:C:\Program Files\JetBrains\IntelliJ IDEA Community Edition 2020.3\lib\idea_rt.jar=57574:C:\Program Files\JetBrains\IntelliJ IDEA Community Edition 2020.3\bin -Dfile.encoding=UTF-8 
java_command: ru.phoenix.game.Game
java_class_path (initial): C:\MyGame\out\production\GameProject;C:\Users\Morgan\Documents\Java\Lib\lwjgl-3.1.6\lwjgl\lwjgl.jar;C:\Users\Morgan\Documents\Java\Lib\lwjgl-3.1.6\lwjgl\lwjgl-javadoc.jar;C:\Users\Morgan\Documents\Java\Lib\lwjgl-3.1.6\lwjgl\lwjgl-sources.jar;C:\Users\Morgan\Documents\Java\Lib\lwjgl-3.1.6\lwjgl\lwjgl-natives-linux.jar;C:\Users\Morgan\Documents\Java\Lib\lwjgl-3.1.6\lwjgl\lwjgl-natives-macos.jar;C:\Users\Morgan\Documents\Java\Lib\lwjgl-3.1.6\lwjgl\lwjgl-natives-windows.jar;C:\Users\Morgan\Documents\Java\Lib\lwjgl-3.1.6\lwjgl-assimp\lwjgl-assimp.jar;C:\Users\Morgan\Documents\Java\Lib\lwjgl-3.1.6\lwjgl-assimp\lwjgl-assimp-javadoc.jar;C:\Users\Morgan\Documents\Java\Lib\lwjgl-3.1.6\lwjgl-assimp\lwjgl-assimp-sources.jar;C:\Users\Morgan\Documents\Java\Lib\lwjgl-3.1.6\lwjgl-assimp\lwjgl-assimp-natives-linux.jar;C:\Users\Morgan\Documents\Java\Lib\lwjgl-3.1.6\lwjgl-assimp\lwjgl-assimp-natives-macos.jar;C:\Users\Morgan\Documents\Java\Lib\lwjgl-3.1.6\lwjgl-assimp\lwjgl-assimp-natives-windows.jar;C:\Users\Morgan\Documents\Java\Lib\lwjgl-3.1.6\lwjgl-bgfx\lwjgl-bgfx.jar;C:\Users\Morgan\Documents\Java\Lib\lwjgl-3.1.6\lwjgl-bgfx\lwjgl-bgfx-javadoc.jar;C:\Users\Morgan\Documents\Java\Lib\lwjgl-3.1.6\lwjgl-bgfx\lwjgl-bgfx-sources.jar;C:\Users\Morgan\Documents\Java\Lib\lwjgl-3.1.6\lwjgl-bgfx\lwjgl-bgfx-natives-linux.jar;C:\Users\Morgan\Documents\Java\Lib\lwjgl-3.1.6\lwjgl-bgfx\lwjgl-bgfx-natives-macos.jar;C:\Users\Morgan\Documents\Java\Lib\lwjgl-3.1.6\lwjgl-bgfx\lwjgl-bgfx-natives-windows.jar;C:\Users\Morgan\Documents\Java\Lib\lwjgl-3.1.6\lwjgl-egl\lwjgl-egl.jar;C:\Users\Morgan\Documents\Java\Lib\lwjgl-3.1.6\lwjgl-egl\lwjgl-egl-javadoc.jar;C:\Users\Morgan\Documents\Java\Lib\lwjgl-3.1.6\lwjgl-egl\lwjgl-egl-sources.jar;C:\Users\Morgan\Documents\Java\Lib\lwjgl-3.1.6\lwjgl-glfw\lwjgl-glfw.jar;C:\Users\Morgan\Documents\Java\Lib\lwjgl-3.1.6\lwjgl-glfw\lwjgl-glfw-javadoc.jar;C:\Users\Morgan\Documents\Java\Lib\lwjgl-3.1.6\lwjgl-glfw\lwjgl-glfw-sources.jar;C:\Users\Mor
Launcher Type: SUN_STANDARD

[Global flags]
     intx CICompilerCount                          = 4                                         {product} {ergonomic}
     uint ConcGCThreads                            = 2                                         {product} {ergonomic}
     uint G1ConcRefinementThreads                  = 8                                         {product} {ergonomic}
   size_t G1HeapRegionSize                         = 1048576                                   {product} {ergonomic}
    uintx GCDrainStackTargetSize                   = 64                                        {product} {ergonomic}
   size_t InitialHeapSize                          = 268435456                                 {product} {ergonomic}
   size_t MarkStackSize                            = 4194304                                   {product} {ergonomic}
   size_t MaxHeapSize                              = 4269801472                                {product} {ergonomic}
   size_t MaxNewSize                               = 2561671168                                {product} {ergonomic}
   size_t MinHeapDeltaBytes                        = 1048576                                   {product} {ergonomic}
    uintx NonNMethodCodeHeapSize                   = 5836300                                {pd product} {ergonomic}
    uintx NonProfiledCodeHeapSize                  = 122910970                              {pd product} {ergonomic}
    uintx ProfiledCodeHeapSize                     = 122910970                              {pd product} {ergonomic}
    uintx ReservedCodeCacheSize                    = 251658240                              {pd product} {ergonomic}
     bool SegmentedCodeCache                       = true                                      {product} {ergonomic}
     bool UseCompressedClassPointers               = true                                 {lp64_product} {ergonomic}
     bool UseCompressedOops                        = true                                 {lp64_product} {ergonomic}
     bool UseG1GC                                  = true                                      {product} {ergonomic}
     bool UseLargePagesIndividualAllocation        = false                                  {pd product} {ergonomic}

Logging:
Log output configuration:
 #0: stdout all=warning uptime,level,tags
 #1: stderr all=off uptime,level,tags

Environment Variables:
PATH=C:\Program Files (x86)\Common Files\Oracle\Java\javapath;C:\ProgramData\Oracle\Java\javapath;C:\Windows\system32;C:\Windows;C:\Windows\System32\Wbem;C:\Windows\System32\WindowsPowerShell\v1.0\;C:\Program Files (x86)\NVIDIA Corporation\PhysX\Common;C:\Program Files (x86)\Windows Live\Shared;C:\WINDOWS\system32;C:\WINDOWS;C:\WINDOWS\System32\Wbem;C:\WINDOWS\System32\WindowsPowerShell\v1.0\;C:\Program Files (x86)\Skype\Phone\;C:\Program Files\Microsoft SQL Server\130\Tools\Binn\;C:\Program Files (x86)\Xoreax\IncrediBuild;C:\Program Files (x86)\GtkSharp\2.12\bin;C:\Program Files\Java\jdk1.8.0_161\bin;C:\Android;C:\Program Files\MySQL\MySQL Utilities 1.6\;C:\WINDOWS\System32\OpenSSH\;C:\Gradle\gradle-4.8.1\bin;C:\Program Files\PuTTY\;C:\Program Files\Git\cmd;C:\Program Files\NVIDIA Corporation\NVIDIA NvDLISR;%SystemRoot%\system32;%SystemRoot%;%SystemRoot%\System32\Wbem;%SYSTEMROOT%\System32\WindowsPowerShell\v1.0\;%SYSTEMROOT%\System32\OpenSSH\;C:\Users\Morgan\AppData\Local\Microsoft\WindowsApps;C:\Users\Morgan\AppData\Local\atom\bin;C:\Users\Morgan\AppData\Local\Microsoft\WindowsApps;;C:\Program Files\JetBrains\IntelliJ IDEA Community Edition 2020.3\bin;
USERNAME=Morgan
OS=Windows_NT
PROCESSOR_IDENTIFIER=AMD64 Family 21 Model 2 Stepping 0, AuthenticAMD



---------------  S Y S T E M  ---------------

OS: Windows 10 , 64 bit Build 19041 (10.0.19041.1151)

CPU:total 8 (initial active 8) (8 cores per cpu, 1 threads per core) family 21 model 2 stepping 0, cmov, cx8, fxsr, mmx, sse, sse2, sse3, ssse3, sse4.1, sse4.2, popcnt, avx, aes, clmul, mmxext, 3dnowpref, lzcnt, sse4a, tsc, tscinvbit, tscinv, bmi1, fma

Memory: 4k page, system-wide physical 16284M (8822M free)
TotalPageFile size 32284M (AvailPageFile size 19164M)
current process WorkingSet (physical memory assigned to process): 60M, peak: 60M
current process commit charge ("private bytes"): 353M, peak: 353M

vm_info: Java HotSpot(TM) 64-Bit Server VM (12.0.2+10) for windows-amd64 JRE (12.0.2+10), built on Jul 16 2019 01:56:17 by "mach5one" with MS VC++ 15.5 (VS2017)

END.
